2021-12-09 17:04:45,349 [Worker-7: Loading available Gradle versions] INFO  o.e.b.c.i.u.g.PublishedGradleVersions - Gradle version information cache is not available. Remote download required.
2021-12-09 19:44:53,238 [Worker-2: Loading available Gradle versions] INFO  o.e.b.c.i.u.g.PublishedGradleVersions - Gradle version information cache is up-to-date. Trying to read.
2021-12-09 19:53:52,707 [Worker-2: Loading available Gradle versions] INFO  o.e.b.c.i.u.g.PublishedGradleVersions - Gradle version information cache is up-to-date. Trying to read.
2021-12-09 20:24:59,673 [Worker-2: Loading available Gradle versions] INFO  o.e.b.c.i.u.g.PublishedGradleVersions - Gradle version information cache is up-to-date. Trying to read.
2021-12-09 20:37:06,084 [Worker-21: Loading available Gradle versions] INFO  o.e.b.c.i.u.g.PublishedGradleVersions - Gradle version information cache is up-to-date. Trying to read.
2021-12-11 18:10:41,936 [Worker-6: Loading available Gradle versions] INFO  o.e.b.c.i.u.g.PublishedGradleVersions - Gradle version information cache is out-of-date. Trying to update.
2021-12-12 13:16:57,404 [Worker-6: Loading available Gradle versions] INFO  o.e.b.c.i.u.g.PublishedGradleVersions - Gradle version information cache is up-to-date. Trying to read.
2021-12-12 13:37:28,350 [Worker-2: Loading available Gradle versions] INFO  o.e.b.c.i.u.g.PublishedGradleVersions - Gradle version information cache is up-to-date. Trying to read.
2021-12-30 17:06:35,304 [Worker-0: Loading available Gradle versions] INFO  o.e.b.c.i.u.g.PublishedGradleVersions - Gradle version information cache is out-of-date. Trying to update.
2021-12-30 17:37:46,950 [Worker-22: Loading available Gradle versions] INFO  o.e.b.c.i.u.g.PublishedGradleVersions - Gradle version information cache is up-to-date. Trying to read.
2021-12-30 17:45:42,702 [Worker-4: Loading available Gradle versions] INFO  o.e.b.c.i.u.g.PublishedGradleVersions - Gradle version information cache is up-to-date. Trying to read.
2021-12-30 18:08:57,544 [Worker-4: Loading available Gradle versions] INFO  o.e.b.c.i.u.g.PublishedGradleVersions - Gradle version information cache is up-to-date. Trying to read.
2021-12-30 20:19:04,955 [Worker-45: Fetching remote refs from http://github.com/tenta3802/Javacrud.git] INFO  o.e.jgit.transport.TransportHttp - URI 'http://github.com/tenta3802/Javacrud.git': following HTTP redirect #0  http://github.com/tenta3802/Javacrud.git/ -> https://github.com/tenta3802/Javacrud.git/
2021-12-30 20:29:37,894 [Worker-34: Fetching remote refs from http://github.com/tenta3802/Javacrud.git] INFO  o.e.jgit.transport.TransportHttp - URI 'http://github.com/tenta3802/Javacrud.git': following HTTP redirect #0  http://github.com/tenta3802/Javacrud.git/ -> https://github.com/tenta3802/Javacrud.git/
2021-12-30 20:29:45,323 [ModalContext] INFO  o.e.jgit.transport.TransportHttp - URI 'http://github.com/tenta3802/Javacrud.git': following HTTP redirect #0  http://github.com/tenta3802/Javacrud.git/ -> https://github.com/tenta3802/Javacrud.git/
2021-12-30 20:31:19,004 [ModalContext] INFO  o.e.jgit.transport.TransportHttp - URI 'http://github.com/tenta3802/Javacrud.git': following HTTP redirect #0  http://github.com/tenta3802/Javacrud.git/ -> https://github.com/tenta3802/Javacrud.git/
2021-12-30 20:38:21,852 [Worker-45: Fetching remote refs from http://github.com/tenta3802/Javacrud.git] INFO  o.e.jgit.transport.TransportHttp - URI 'http://github.com/tenta3802/Javacrud.git': following HTTP redirect #0  http://github.com/tenta3802/Javacrud.git/ -> https://github.com/tenta3802/Javacrud.git/
2021-12-30 20:38:54,807 [Worker-45: Fetching remote refs from http://github.com/tenta3802/Javacrud.git] INFO  o.e.jgit.transport.TransportHttp - URI 'http://github.com/tenta3802/Javacrud.git': following HTTP redirect #0  http://github.com/tenta3802/Javacrud.git/ -> https://github.com/tenta3802/Javacrud.git/
2021-12-30 20:39:24,743 [ModalContext] INFO  o.e.jgit.transport.TransportHttp - URI 'http://github.com/tenta3802/Javacrud.git': following HTTP redirect #0  http://github.com/tenta3802/Javacrud.git/ -> https://github.com/tenta3802/Javacrud.git/
2021-12-30 20:48:00,367 [Worker-49: Push to http://github.com/tenta3802/Javacrud.git] INFO  o.e.jgit.transport.TransportHttp - URI 'http://github.com/tenta3802/Javacrud.git': following HTTP redirect #0  http://github.com/tenta3802/Javacrud.git/ -> https://github.com/tenta3802/Javacrud.git/
2021-12-30 20:50:35,054 [Worker-0: Loading available Gradle versions] INFO  o.e.b.c.i.u.g.PublishedGradleVersions - Gradle version information cache is up-to-date. Trying to read.
2021-12-30 20:52:05,037 [Worker-9: Push to eclipse-workspace - origin] INFO  o.e.jgit.transport.TransportHttp - URI 'http://github.com/tenta3802/Javacrud.git': following HTTP redirect #0  http://github.com/tenta3802/Javacrud.git/ -> https://github.com/tenta3802/Javacrud.git/
2021-12-30 20:52:27,646 [Worker-7: Push to eclipse-workspace - origin] INFO  o.e.jgit.transport.TransportHttp - URI 'http://github.com/tenta3802/Javacrud.git': following HTTP redirect #0  http://github.com/tenta3802/Javacrud.git/ -> https://github.com/tenta3802/Javacrud.git/
2021-12-30 20:52:53,141 [Worker-19: Fetching remote refs from http://github.com/tenta3802/Javacrud.git] INFO  o.e.jgit.transport.TransportHttp - URI 'http://github.com/tenta3802/Javacrud.git': following HTTP redirect #0  http://github.com/tenta3802/Javacrud.git/ -> https://github.com/tenta3802/Javacrud.git/
2021-12-30 20:52:54,684 [ModalContext] INFO  o.e.jgit.transport.TransportHttp - URI 'http://github.com/tenta3802/Javacrud.git': following HTTP redirect #0  http://github.com/tenta3802/Javacrud.git/ -> https://github.com/tenta3802/Javacrud.git/
2021-12-30 20:53:00,961 [ModalContext] INFO  o.e.jgit.transport.TransportHttp - URI 'http://github.com/tenta3802/Javacrud.git': following HTTP redirect #0  http://github.com/tenta3802/Javacrud.git/ -> https://github.com/tenta3802/Javacrud.git/
2021-12-30 20:53:08,947 [Worker-7: Push to http://github.com/tenta3802/Javacrud.git] INFO  o.e.jgit.transport.TransportHttp - URI 'http://github.com/tenta3802/Javacrud.git': following HTTP redirect #0  http://github.com/tenta3802/Javacrud.git/ -> https://github.com/tenta3802/Javacrud.git/
2021-12-31 13:44:51,729 [Worker-5: Loading available Gradle versions] INFO  o.e.b.c.i.u.g.PublishedGradleVersions - Gradle version information cache is up-to-date. Trying to read.
2021-12-31 15:04:47,732 [Worker-43: Push to eclipse-workspace - origin] INFO  o.e.jgit.transport.TransportHttp - URI 'http://github.com/tenta3802/Javacrud.git': following HTTP redirect #0  http://github.com/tenta3802/Javacrud.git/ -> https://github.com/tenta3802/Javacrud.git/
2021-12-31 15:05:59,082 [Worker-44: Push to eclipse-workspace - origin] INFO  o.e.jgit.transport.TransportHttp - URI 'http://github.com/tenta3802/Javacrud.git': following HTTP redirect #0  http://github.com/tenta3802/Javacrud.git/ -> https://github.com/tenta3802/Javacrud.git/
2021-12-31 15:06:17,982 [Worker-39: Fetching remote refs from http://github.com/tenta3802/Javacrud.git] INFO  o.e.jgit.transport.TransportHttp - URI 'http://github.com/tenta3802/Javacrud.git': following HTTP redirect #0  http://github.com/tenta3802/Javacrud.git/ -> https://github.com/tenta3802/Javacrud.git/
2021-12-31 15:06:22,472 [ModalContext] INFO  o.e.jgit.transport.TransportHttp - URI 'http://github.com/tenta3802/Javacrud.git': following HTTP redirect #0  http://github.com/tenta3802/Javacrud.git/ -> https://github.com/tenta3802/Javacrud.git/
2021-12-31 15:06:31,152 [Worker-44: Push to http://github.com/tenta3802/Javacrud.git] INFO  o.e.jgit.transport.TransportHttp - URI 'http://github.com/tenta3802/Javacrud.git': following HTTP redirect #0  http://github.com/tenta3802/Javacrud.git/ -> https://github.com/tenta3802/Javacrud.git/
2021-12-31 15:06:40,570 [Worker-47: Fetching remote refs from http://github.com/tenta3802/Javacrud.git] INFO  o.e.jgit.transport.TransportHttp - URI 'http://github.com/tenta3802/Javacrud.git': following HTTP redirect #0  http://github.com/tenta3802/Javacrud.git/ -> https://github.com/tenta3802/Javacrud.git/
2021-12-31 15:06:42,544 [ModalContext] INFO  o.e.jgit.transport.TransportHttp - URI 'http://github.com/tenta3802/Javacrud.git': following HTTP redirect #0  http://github.com/tenta3802/Javacrud.git/ -> https://github.com/tenta3802/Javacrud.git/
2021-12-31 15:06:47,941 [Worker-45: Push to http://github.com/tenta3802/Javacrud.git] INFO  o.e.jgit.transport.TransportHttp - URI 'http://github.com/tenta3802/Javacrud.git': following HTTP redirect #0  http://github.com/tenta3802/Javacrud.git/ -> https://github.com/tenta3802/Javacrud.git/
2021-12-31 15:06:58,073 [Worker-45: Fetching remote refs from http://github.com/tenta3802/Javacrud.git] INFO  o.e.jgit.transport.TransportHttp - URI 'http://github.com/tenta3802/Javacrud.git': following HTTP redirect #0  http://github.com/tenta3802/Javacrud.git/ -> https://github.com/tenta3802/Javacrud.git/
2021-12-31 15:43:08,613 [Worker-62: Push to eclipse-workspace - origin] INFO  o.e.jgit.transport.TransportHttp - URI 'http://github.com/tenta3802/Javacrud.git': following HTTP redirect #0  http://github.com/tenta3802/Javacrud.git/ -> https://github.com/tenta3802/Javacrud.git/
2021-12-31 15:44:05,763 [Worker-60: Push to eclipse-workspace - origin] INFO  o.e.jgit.transport.TransportHttp - URI 'http://github.com/tenta3802/Javacrud.git': following HTTP redirect #0  http://github.com/tenta3802/Javacrud.git/ -> https://github.com/tenta3802/Javacrud.git/
2021-12-31 16:33:11,688 [Worker-78: Push to eclipse-workspace - origin] INFO  o.e.jgit.transport.TransportHttp - URI 'http://github.com/tenta3802/Javacrud.git': following HTTP redirect #0  http://github.com/tenta3802/Javacrud.git/ -> https://github.com/tenta3802/Javacrud.git/
2021-12-31 16:34:17,990 [Worker-76: Push to eclipse-workspace - origin] INFO  o.e.jgit.transport.TransportHttp - URI 'http://github.com/tenta3802/Javacrud.git': following HTTP redirect #0  http://github.com/tenta3802/Javacrud.git/ -> https://github.com/tenta3802/Javacrud.git/
2021-12-31 16:34:31,229 [Worker-77: Fetching remote refs from http://github.com/tenta3802/Javacrud.git] INFO  o.e.jgit.transport.TransportHttp - URI 'http://github.com/tenta3802/Javacrud.git': following HTTP redirect #0  http://github.com/tenta3802/Javacrud.git/ -> https://github.com/tenta3802/Javacrud.git/
2021-12-31 16:34:33,426 [ModalContext] INFO  o.e.jgit.transport.TransportHttp - URI 'http://github.com/tenta3802/Javacrud.git': following HTTP redirect #0  http://github.com/tenta3802/Javacrud.git/ -> https://github.com/tenta3802/Javacrud.git/
2021-12-31 16:34:41,454 [Worker-65: Push to http://github.com/tenta3802/Javacrud.git] INFO  o.e.jgit.transport.TransportHttp - URI 'http://github.com/tenta3802/Javacrud.git': following HTTP redirect #0  http://github.com/tenta3802/Javacrud.git/ -> https://github.com/tenta3802/Javacrud.git/
2021-12-31 16:34:49,837 [Worker-77: Fetching remote refs from http://github.com/tenta3802/Javacrud.git] INFO  o.e.jgit.transport.TransportHttp - URI 'http://github.com/tenta3802/Javacrud.git': following HTTP redirect #0  http://github.com/tenta3802/Javacrud.git/ -> https://github.com/tenta3802/Javacrud.git/
2021-12-31 16:34:53,262 [ModalContext] INFO  o.e.jgit.transport.TransportHttp - URI 'http://github.com/tenta3802/Javacrud.git': following HTTP redirect #0  http://github.com/tenta3802/Javacrud.git/ -> https://github.com/tenta3802/Javacrud.git/
2021-12-31 16:34:58,886 [Worker-79: Push to http://github.com/tenta3802/Javacrud.git] INFO  o.e.jgit.transport.TransportHttp - URI 'http://github.com/tenta3802/Javacrud.git': following HTTP redirect #0  http://github.com/tenta3802/Javacrud.git/ -> https://github.com/tenta3802/Javacrud.git/
2021-12-31 16:35:34,179 [Worker-77: Fetching remote refs from http://github.com/tenta3802/Javacrud.git] INFO  o.e.jgit.transport.TransportHttp - URI 'http://github.com/tenta3802/Javacrud.git': following HTTP redirect #0  http://github.com/tenta3802/Javacrud.git/ -> https://github.com/tenta3802/Javacrud.git/
2021-12-31 16:35:39,280 [ModalContext] INFO  o.e.jgit.transport.TransportHttp - URI 'http://github.com/tenta3802/Javacrud.git': following HTTP redirect #0  http://github.com/tenta3802/Javacrud.git/ -> https://github.com/tenta3802/Javacrud.git/
2021-12-31 16:35:55,645 [Worker-79: Push to http://github.com/tenta3802/Javacrud.git] INFO  o.e.jgit.transport.TransportHttp - URI 'http://github.com/tenta3802/Javacrud.git': following HTTP redirect #0  http://github.com/tenta3802/Javacrud.git/ -> https://github.com/tenta3802/Javacrud.git/
2021-12-31 16:36:17,734 [Worker-65: Push to eclipse-workspace - origin] INFO  o.e.jgit.transport.TransportHttp - URI 'http://github.com/tenta3802/Javacrud.git': following HTTP redirect #0  http://github.com/tenta3802/Javacrud.git/ -> https://github.com/tenta3802/Javacrud.git/
2021-12-31 16:36:34,016 [Worker-79: Push to eclipse-workspace - origin] INFO  o.e.jgit.transport.TransportHttp - URI 'http://github.com/tenta3802/Javacrud.git': following HTTP redirect #0  http://github.com/tenta3802/Javacrud.git/ -> https://github.com/tenta3802/Javacrud.git/
2021-12-31 16:36:47,550 [Worker-76: Fetching remote refs from http://github.com/tenta3802/Javacrud.git] INFO  o.e.jgit.transport.TransportHttp - URI 'http://github.com/tenta3802/Javacrud.git': following HTTP redirect #0  http://github.com/tenta3802/Javacrud.git/ -> https://github.com/tenta3802/Javacrud.git/
2021-12-31 16:37:00,031 [ModalContext] INFO  o.e.jgit.transport.TransportHttp - URI 'http://github.com/tenta3802/Javacrud.git': following HTTP redirect #0  http://github.com/tenta3802/Javacrud.git/ -> https://github.com/tenta3802/Javacrud.git/
2021-12-31 16:37:21,559 [Worker-79: Push to http://github.com/tenta3802/Javacrud.git] INFO  o.e.jgit.transport.TransportHttp - URI 'http://github.com/tenta3802/Javacrud.git': following HTTP redirect #0  http://github.com/tenta3802/Javacrud.git/ -> https://github.com/tenta3802/Javacrud.git/
2021-12-31 16:39:21,147 [ModalContext] INFO  o.e.jgit.transport.TransportHttp - URI 'http://github.com/tenta3802/Javacrud.git': following HTTP redirect #0  http://github.com/tenta3802/Javacrud.git/ -> https://github.com/tenta3802/Javacrud.git/
2021-12-31 16:42:30,129 [Worker-77: Fetch from eclipse-workspace - origin] INFO  o.e.jgit.transport.TransportHttp - URI 'http://github.com/tenta3802/Javacrud.git': following HTTP redirect #0  http://github.com/tenta3802/Javacrud.git/ -> https://github.com/tenta3802/Javacrud.git/
2021-12-31 16:44:58,189 [ModalContext] INFO  o.e.jgit.transport.TransportHttp - URI 'http://github.com/tenta3802/Javacrud.git': following HTTP redirect #0  http://github.com/tenta3802/Javacrud.git/ -> https://github.com/tenta3802/Javacrud.git/
2021-12-31 16:46:06,113 [Worker-81: Pushing to http://github.com/tenta3802/Javacrud.git] INFO  o.e.jgit.transport.TransportHttp - URI 'http://github.com/tenta3802/Javacrud.git': following HTTP redirect #0  http://github.com/tenta3802/Javacrud.git/ -> https://github.com/tenta3802/Javacrud.git/
